  Efimenko_Protection_labq.cpp
C:\Users\Anastasya\Documents\GitHub\protection_lab2\Efimenko_Protection_labq\Efimenko_Protection_labq\Efimenko_Protection_labq.cpp(29,20): warning C4018: '<': signed/unsigned mismatch
C:\Users\Anastasya\Documents\GitHub\protection_lab2\Efimenko_Protection_labq\Efimenko_Protection_labq\Efimenko_Protection_labq.cpp(31,10): warning C4018: '>=': signed/unsigned mismatch
C:\Users\Anastasya\Documents\GitHub\protection_lab2\Efimenko_Protection_labq\Efimenko_Protection_labq\Efimenko_Protection_labq.cpp(46,20): warning C4018: '<': signed/unsigned mismatch
C:\Users\Anastasya\Documents\GitHub\protection_lab2\Efimenko_Protection_labq\Efimenko_Protection_labq\Efimenko_Protection_labq.cpp(48,10): warning C4018: '>=': signed/unsigned mismatch
C:\Users\Anastasya\Documents\GitHub\protection_lab2\Efimenko_Protection_labq\Efimenko_Protection_labq\Efimenko_Protection_labq.cpp(66,21): warning C4018: '<': signed/unsigned mismatch
C:\Users\Anastasya\Documents\GitHub\protection_lab2\Efimenko_Protection_labq\Efimenko_Protection_labq\Efimenko_Protection_labq.cpp(96,21): warning C4018: '<': signed/unsigned mismatch
C:\Users\Anastasya\Documents\GitHub\protection_lab2\Efimenko_Protection_labq\Efimenko_Protection_labq\Efimenko_Protection_labq.cpp(173,21): warning C4018: '<': signed/unsigned mismatch
C:\Users\Anastasya\Documents\GitHub\protection_lab2\Efimenko_Protection_labq\Efimenko_Protection_labq\Efimenko_Protection_labq.cpp(213,22): warning C4018: '<': signed/unsigned mismatch
C:\Program Files (x86)\Microsoft Visual Studio\2019\Community\VC\Tools\MSVC\14.29.30133\include\utility(249,61): warning C4244: 'initializing': conversion from '_Ty' to '_Ty2', possible loss of data
          with
          [
              _Ty=double
          ]
          and
          [
              _Ty2=int
          ]
C:\Users\Anastasya\Documents\GitHub\protection_lab2\Efimenko_Protection_labq\Efimenko_Protection_labq\Efimenko_Protection_labq.cpp(185): message : see reference to function template instantiation 'std::pair<unsigned char,int>::pair<unsigned char,double,0>(std::pair<unsigned char,double> &&) noexcept' being compiled
C:\Users\Anastasya\Documents\GitHub\protection_lab2\Efimenko_Protection_labq\Efimenko_Protection_labq\Efimenko_Protection_labq.cpp(185): message : see reference to function template instantiation 'std::pair<unsigned char,int>::pair<unsigned char,double,0>(std::pair<unsigned char,double> &&) noexcept' being compiled
  Efimenko_Protection_labq.vcxproj -> C:\Users\Anastasya\Documents\GitHub\protection_lab2\Efimenko_Protection_labq\Debug\Efimenko_Protection_labq.exe
